Token #1: "Este es un String " Tipo: LITERAL [0,0]
Token #2: '\0' Tipo: LITERAL [1,0]
Token #3: 'H' Tipo: LITERAL [2,0]
Token #4: , Tipo: OPERADOR [2,3]
Token #5: 'o' Tipo: LITERAL [2,4]
Token #6: , Tipo: OPERADOR [2,7]
Token #7: 'l' Tipo: LITERAL [2,8]
Token #8: , Tipo: OPERADOR [2,11]
Token #9: 'a' Tipo: LITERAL [2,12]
Token #10: , Tipo: OPERADOR [2,15]
Token #11: '\0' Tipo: LITERAL [2,16]
Token #12: 123 Tipo: INT [3,0]
Token #13: 01234567 Tipo: NUM_OCT [4,0]
Token #14: 0XAA20F243 Tipo: NUM_HEX [5,0]
Token #15: + Tipo: OPERADOR [6,0]
Token #16: 01234567 Tipo: NUM_OCT [6,1]
Token #17: - Tipo: OPERADOR [7,0]
Token #18: 0XAA20F243 Tipo: NUM_HEX [7,1]
Token #19: 1.23f Tipo: NUM_FLOAT [8,0]
Token #20: 123.345 Tipo: NUM_FLOAT [9,0]
Token #21: 123E10 Tipo: INT [10,0]
Token #22: 123.22E10 Tipo: NUM_FLOAT [11,0]
Token #23: . Tipo: OPERADOR [12,0]
Token #24: 22E10 Tipo: INT [12,1]
Token #25: . Tipo: OPERADOR [13,0]
Token #26: E10 Tipo: IDENTIFICADOR [13,1]
Token #27: + Tipo: OPERADOR [14,0]
Token #28: 1.23f Tipo: NUM_FLOAT [14,1]
Token #29: -123.345 Tipo: NUM_FLOAT [15,0]
Token #30: - Tipo: OPERADOR [16,0]
Token #31: 123E10 Tipo: INT [16,1]
Token #32: 0XAA20F Tipo: NUM_HEX [17,0]
Token #33: GGG Tipo: IDENTIFICADOR [17,7]
Token #35: ID123 Tipo: IDENTIFICADOR [19,0]
Token #36: 0142556 Tipo: NUM_OCT [20,0]
Token #37: 89 Tipo: INT [20,7]

ERRORES 
Error en la linea número 18 causado por 123r
